<?xml version='1.0' encoding='UTF-8'?>
<!DOCTYPE coverage SYSTEM 'http://cobertura.sourceforge.net/xml/coverage-04.dtd'>
<coverage line-rate="1.0" branch-rate="1.0" lines-covered="158" lines-valid="158" branches-covered="95" branches-valid="95" complexity="0.0" timestamp="1767205990" version="gcovr 5.0">
  <sources>
    <source>/home/r105366/Development/development-tools</source>
  </sources>
  <packages>
    <package name="src.lib" line-rate="1.0" branch-rate="1.0" complexity="0.0">
      <classes>
        <class name="StatisticsAccumulator_cpp" filename="src/lib/StatisticsAccumulator.cpp" line-rate="1.0" branch-rate="1.0" complexity="0.0">
          <methods/>
          <lines>
            <line number="11" hits="37" branch="false"/>
            <line number="12" hits="37" branch="false"/>
            <line number="13" hits="37" branch="false"/>
            <line number="14" hits="37" branch="false"/>
            <line number="15" hits="37" branch="false"/>
            <line number="16" hits="37" branch="false"/>
            <line number="17" hits="37" branch="false"/>
            <line number="18" hits="37" branch="false"/>
            <line number="19" hits="37" branch="false"/>
            <line number="21" hits="37" branch="false"/>
            <line number="23" hits="687" branch="false"/>
            <line number="25" hits="687" branch="false"/>
            <line number="27" hits="687" branch="false"/>
            <line number="28" hits="687" branch="false"/>
            <line number="30" hits="687" branch="false"/>
            <line number="31" hits="687" branch="false"/>
            <line number="32" hits="687" branch="false"/>
            <line number="33" hits="687" branch="false"/>
            <line number="34" hits="687" branch="false"/>
            <line number="35" hits="687" branch="false"/>
            <line number="36" hits="687" branch="false"/>
            <line number="37" hits="687" branch="false"/>
            <line number="38" hits="687" branch="false"/>
            <line number="39" hits="687" branch="false"/>
            <line number="40" hits="687" branch="false"/>
            <line number="41" hits="687" branch="false"/>
            <line number="42" hits="687" branch="false"/>
            <line number="44" hits="30" branch="false"/>
            <line number="46" hits="30" branch="false"/>
            <line number="49" hits="24" branch="false"/>
            <line number="51" hits="24" branch="true" condition-coverage="100% (2/2)">
              <conditions>
                <condition number="0" type="jump" coverage="100%"/>
              </conditions>
            </line>
            <line number="53" hits="3" branch="false"/>
            <line number="56" hits="21" branch="false"/>
            <line number="59" hits="23" branch="false"/>
            <line number="61" hits="23" branch="true" condition-coverage="100% (2/2)">
              <conditions>
                <condition number="0" type="jump" coverage="100%"/>
              </conditions>
            </line>
            <line number="63" hits="3" branch="false"/>
            <line number="66" hits="20" branch="false"/>
            <line number="69" hits="21" branch="false"/>
            <line number="71" hits="21" branch="true" condition-coverage="100% (2/2)">
              <conditions>
                <condition number="0" type="jump" coverage="100%"/>
              </conditions>
            </line>
            <line number="73" hits="3" branch="false"/>
            <line number="76" hits="18" branch="false"/>
            <line number="79" hits="21" branch="false"/>
            <line number="81" hits="21" branch="true" condition-coverage="100% (2/2)">
              <conditions>
                <condition number="0" type="jump" coverage="100%"/>
              </conditions>
            </line>
            <line number="83" hits="3" branch="false"/>
            <line number="86" hits="18" branch="false"/>
            <line number="89" hits="21" branch="false"/>
            <line number="91" hits="21" branch="true" condition-coverage="100% (2/2)">
              <conditions>
                <condition number="0" type="jump" coverage="100%"/>
              </conditions>
            </line>
            <line number="93" hits="3" branch="false"/>
            <line number="96" hits="18" branch="false"/>
            <line number="97" hits="18" branch="false"/>
            <line number="98" hits="18" branch="false"/>
            <line number="99" hits="18" branch="false"/>
            <line number="100" hits="18" branch="false"/>
            <line number="101" hits="18" branch="false"/>
            <line number="104" hits="21" branch="false"/>
            <line number="106" hits="21" branch="true" condition-coverage="100% (2/2)">
              <conditions>
                <condition number="0" type="jump" coverage="100%"/>
              </conditions>
            </line>
            <line number="108" hits="3" branch="false"/>
            <line number="111" hits="18" branch="false"/>
            <line number="112" hits="18" branch="false"/>
            <line number="113" hits="18" branch="false"/>
            <line number="116" hits="19" branch="false"/>
            <line number="118" hits="19" branch="true" condition-coverage="100% (2/2)">
              <conditions>
                <condition number="0" type="jump" coverage="100%"/>
              </conditions>
            </line>
            <line number="120" hits="3" branch="false"/>
            <line number="123" hits="16" branch="true" condition-coverage="100% (2/2)">
              <conditions>
                <condition number="0" type="jump" coverage="100%"/>
              </conditions>
            </line>
            <line number="125" hits="3" branch="false"/>
            <line number="128" hits="13" branch="false"/>
            <line number="129" hits="13" branch="false"/>
            <line number="130" hits="13" branch="false"/>
            <line number="133" hits="19" branch="false"/>
            <line number="135" hits="19" branch="true" condition-coverage="100% (2/2)">
              <conditions>
                <condition number="0" type="jump" coverage="100%"/>
              </conditions>
            </line>
            <line number="137" hits="3" branch="false"/>
            <line number="140" hits="16" branch="true" condition-coverage="100% (2/2)">
              <conditions>
                <condition number="0" type="jump" coverage="100%"/>
              </conditions>
            </line>
            <line number="142" hits="3" branch="false"/>
            <line number="145" hits="13" branch="false"/>
            <line number="146" hits="13" branch="false"/>
            <line number="147" hits="13" branch="false"/>
            <line number="150" hits="10" branch="false"/>
            <line number="152" hits="10" branch="true" condition-coverage="100% (2/2)">
              <conditions>
                <condition number="0" type="jump" coverage="100%"/>
              </conditions>
            </line>
            <line number="154" hits="4" branch="false"/>
            <line number="157" hits="6" branch="true" condition-coverage="100% (2/2)">
              <conditions>
                <condition number="0" type="jump" coverage="100%"/>
              </conditions>
            </line>
            <line number="159" hits="2" branch="false"/>
            <line number="162" hits="4" branch="false"/>
            <line number="163" hits="4" branch="false"/>
            <line number="164" hits="4" branch="false"/>
            <line number="166" hits="4" branch="false"/>
            <line number="167" hits="4" branch="false"/>
            <line number="168" hits="4" branch="false"/>
            <line number="169" hits="4" branch="false"/>
            <line number="170" hits="4" branch="false"/>
            <line number="172" hits="4" branch="false"/>
            <line number="173" hits="4" branch="false"/>
            <line number="174" hits="4" branch="false"/>
            <line number="175" hits="4" branch="false"/>
            <line number="176" hits="4" branch="false"/>
            <line number="178" hits="4" branch="false"/>
            <line number="179" hits="4" branch="false"/>
            <line number="180" hits="4" branch="false"/>
            <line number="181" hits="4" branch="false"/>
            <line number="183" hits="4" branch="false"/>
            <line number="185" hits="4" branch="false"/>
            <line number="186" hits="4" branch="false"/>
            <line number="187" hits="4" branch="false"/>
            <line number="189" hits="4" branch="false"/>
            <line number="191" hits="4" branch="false"/>
            <line number="193" hits="4" branch="false"/>
            <line number="195" hits="4" branch="false"/>
            <line number="196" hits="4" branch="false"/>
            <line number="198" hits="4" branch="false"/>
            <line number="199" hits="4" branch="false"/>
            <line number="200" hits="4" branch="false"/>
            <line number="201" hits="4" branch="false"/>
            <line number="203" hits="4" branch="false"/>
            <line number="206" hits="2" branch="false"/>
            <line number="208" hits="2" branch="true" condition-coverage="100% (1/1)">
              <conditions>
                <condition number="0" type="jump" coverage="100%"/>
              </conditions>
            </line>
            <line number="209" hits="2" branch="false"/>
            <line number="210" hits="2" branch="false"/>
          </lines>
        </class>
        <class name="StatisticsReport_cpp" filename="src/lib/StatisticsReport.cpp" line-rate="1.0" branch-rate="1.0" complexity="0.0">
          <methods/>
          <lines>
            <line number="12" hits="4" branch="false"/>
            <line number="16" hits="4" branch="true" condition-coverage="100% (1/1)">
              <conditions>
                <condition number="0" type="jump" coverage="100%"/>
              </conditions>
            </line>
            <line number="18" hits="4" branch="true" condition-coverage="100% (3/3)">
              <conditions>
                <condition number="0" type="jump" coverage="100%"/>
              </conditions>
            </line>
            <line number="20" hits="4" branch="true" condition-coverage="100% (3/3)">
              <conditions>
                <condition number="0" type="jump" coverage="100%"/>
              </conditions>
            </line>
            <line number="22" hits="1" branch="true" condition-coverage="100% (1/1)">
              <conditions>
                <condition number="0" type="jump" coverage="100%"/>
              </conditions>
            </line>
            <line number="25" hits="3" branch="true" condition-coverage="100% (3/3)">
              <conditions>
                <condition number="0" type="jump" coverage="100%"/>
              </conditions>
            </line>
            <line number="27" hits="1" branch="true" condition-coverage="100% (4/4)">
              <conditions>
                <condition number="0" type="jump" coverage="100%"/>
              </conditions>
            </line>
            <line number="31" hits="2" branch="true" condition-coverage="100% (4/4)">
              <conditions>
                <condition number="0" type="jump" coverage="100%"/>
              </conditions>
            </line>
            <line number="32" hits="2" branch="true" condition-coverage="100% (4/4)">
              <conditions>
                <condition number="0" type="jump" coverage="100%"/>
              </conditions>
            </line>
            <line number="33" hits="2" branch="true" condition-coverage="100% (4/4)">
              <conditions>
                <condition number="0" type="jump" coverage="100%"/>
              </conditions>
            </line>
            <line number="34" hits="2" branch="true" condition-coverage="100% (4/4)">
              <conditions>
                <condition number="0" type="jump" coverage="100%"/>
              </conditions>
            </line>
            <line number="35" hits="2" branch="true" condition-coverage="100% (4/4)">
              <conditions>
                <condition number="0" type="jump" coverage="100%"/>
              </conditions>
            </line>
            <line number="36" hits="2" branch="true" condition-coverage="100% (4/4)">
              <conditions>
                <condition number="0" type="jump" coverage="100%"/>
              </conditions>
            </line>
            <line number="37" hits="2" branch="true" condition-coverage="100% (4/4)">
              <conditions>
                <condition number="0" type="jump" coverage="100%"/>
              </conditions>
            </line>
            <line number="39" hits="1" branch="true" condition-coverage="100% (4/4)">
              <conditions>
                <condition number="0" type="jump" coverage="100%"/>
              </conditions>
            </line>
            <line number="41" hits="2" branch="true" condition-coverage="100% (4/4)">
              <conditions>
                <condition number="0" type="jump" coverage="100%"/>
              </conditions>
            </line>
            <line number="43" hits="1" branch="true" condition-coverage="100% (4/4)">
              <conditions>
                <condition number="0" type="jump" coverage="100%"/>
              </conditions>
            </line>
            <line number="47" hits="3" branch="true" condition-coverage="100% (1/1)">
              <conditions>
                <condition number="0" type="jump" coverage="100%"/>
              </conditions>
            </line>
            <line number="48" hits="4" branch="false"/>
          </lines>
        </class>
        <class name="StatisticsReportsHelpers_cpp" filename="src/lib/StatisticsReportsHelpers.cpp" line-rate="1.0" branch-rate="1.0" complexity="0.0">
          <methods/>
          <lines>
            <line number="10" hits="7" branch="false"/>
            <line number="12" hits="7" branch="true" condition-coverage="100% (1/1)">
              <conditions>
                <condition number="0" type="jump" coverage="100%"/>
              </conditions>
            </line>
            <line number="14" hits="7" branch="true" condition-coverage="100% (2/2)">
              <conditions>
                <condition number="0" type="jump" coverage="100%"/>
              </conditions>
            </line>
            <line number="16" hits="2" branch="true" condition-coverage="100% (1/1)">
              <conditions>
                <condition number="0" type="jump" coverage="100%"/>
              </conditions>
            </line>
            <line number="18" hits="5" branch="true" condition-coverage="100% (2/2)">
              <conditions>
                <condition number="0" type="jump" coverage="100%"/>
              </conditions>
            </line>
            <line number="20" hits="2" branch="true" condition-coverage="100% (1/1)">
              <conditions>
                <condition number="0" type="jump" coverage="100%"/>
              </conditions>
            </line>
            <line number="24" hits="3" branch="true" condition-coverage="100% (2/2)">
              <conditions>
                <condition number="0" type="jump" coverage="100%"/>
              </conditions>
            </line>
            <line number="27" hits="14" branch="true" condition-coverage="100% (1/1)">
              <conditions>
                <condition number="0" type="jump" coverage="100%"/>
              </conditions>
            </line>
            <line number="28" hits="7" branch="false"/>
            <line number="30" hits="16" branch="false"/>
            <line number="32" hits="16" branch="true" condition-coverage="100% (1/1)">
              <conditions>
                <condition number="0" type="jump" coverage="100%"/>
              </conditions>
            </line>
            <line number="33" hits="16" branch="false"/>
            <line number="35" hits="16" branch="true" condition-coverage="100% (2/2)">
              <conditions>
                <condition number="0" type="jump" coverage="100%"/>
              </conditions>
            </line>
            <line number="37" hits="32" branch="true" condition-coverage="100% (1/1)">
              <conditions>
                <condition number="0" type="jump" coverage="100%"/>
              </conditions>
            </line>
            <line number="38" hits="16" branch="false"/>
          </lines>
        </class>
        <class name="StatisticsUtilities_cpp" filename="src/lib/StatisticsUtilities.cpp" line-rate="1.0" branch-rate="0.0" complexity="0.0">
          <methods/>
          <lines>
            <line number="13" hits="2" branch="false"/>
            <line number="15" hits="2" branch="false"/>
            <line number="17" hits="2" branch="false"/>
            <line number="18" hits="2" branch="false"/>
            <line number="27" hits="34" branch="false"/>
            <line number="29" hits="34" branch="false"/>
            <line number="32" hits="17" branch="false"/>
            <line number="34" hits="17" branch="false"/>
          </lines>
        </class>
      </classes>
    </package>
  </packages>
</coverage>
